# =============================================================================
# AIRCRAFT HEALTH ALERTS LOG
# System: SkyJet Aviation Operations
# Generated: 2024-01-20 08:00:00
# =============================================================================

[2024-01-20 08:15:23] INFO - System initialized: Health monitoring active
[2024-01-20 08:30:45] WARNING - Flight AI101 (VT-ABC): Engine vibration 7.2 (threshold: 7.0)
  - Location: 28.7041° N, 77.1025° E
  - Altitude: 35,000 ft
  - Recommended action: Monitor trend, schedule inspection at next maintenance

[2024-01-20 09:12:10] INFO - Flight AI203 (VT-XYZ): Cabin pressure normal (8,100 ft)
[2024-01-20 09:45:33] MEDIUM - Flight SG102 (9V-SGA): Fuel burn 18% above expected
  - Expected: 2,400 kg/hr, Actual: 2,832 kg/hr
  - Route: SIN-DEL
  - Action: Check for possible fuel leak or engine inefficiency

[2024-01-20 10:20:15] HIGH - Flight EK505 (A6-EOA): Engine temperature critical (145°C)
  - Threshold: 135°C
  - Engine #2 showing abnormal readings
  - IMMEDIATE ACTION: Reduce power, consider diversion

[2024-01-20 11:05:42] INFO - Flight 6E245 (VT-IXJ): All systems normal
[2024-01-20 11:30:18] MEDIUM - Flight UK945 (G-VUKE): Rapid altitude fluctuation detected
  - Change: +1,250 ft in 30 seconds
  - Location: Over Bay of Bengal
  - Possible cause: Weather turbulence

[2024-01-20 12:15:55] WARNING - Flight AI101 (VT-ABC): Recurrent vibration alert (now 7.8)
  - Escalation from previous warning
  - Maintenance priority: HIGH
  - Schedule immediate inspection after landing

[2024-01-20 13:00:30] INFO - System check: 45 flights monitored, 3 active alerts
[2024-01-20 13:45:12] LOW - Flight SG409 (9V-SGB): Cabin temperature slightly elevated (27°C)
  - Comfort threshold: 25°C
  - Action: Adjust environmental control system

# =============================================================================
# ALERT SUMMARY (Last 24 hours)
# =============================================================================
# Total Alerts: 8
# Critical: 1 (EK505 - Engine temperature)
# High: 1 (AI101 - Recurrent vibration)
# Medium: 2 (SG102 - Fuel burn, UK945 - Altitude)
# Low: 1 (SG409 - Cabin temp)
# Informational: 3
# =============================================================================

[2024-01-20 14:30:00] SYSTEM - Next maintenance check scheduled: 2024-01-21 06:00:002026-01-20 21:18:33,683 - INFO - {"flight_id": "AI102", "aircraft_id": "VT-XYZ", "parameter": "engine_vibration", "value": 8.2, "threshold": 7.5, "severity": "MEDIUM", "timestamp": "2026-01-20T21:18:33.683736", "message": "Engine vibration above threshold: 8.2"}
2026-01-20 21:18:33,684 - INFO - {"flight_id": "AI102", "aircraft_id": "VT-XYZ", "parameter": "engine_thrust", "value": 78.5, "threshold": 20, "severity": "HIGH", "timestamp": "2026-01-20T21:18:33.683742", "message": "Engine thrust deviation: 21.5%"}
2026-01-20 21:18:33,684 - INFO - {"flight_id": "AI101", "aircraft_id": "VT-ABC", "parameter": "altitude_fluctuation", "value": 1142, "threshold": 1000, "severity": "MEDIUM", "timestamp": "2026-01-20T21:18:33.683750", "message": "Rapid altitude fluctuation: 1142 ft/min"}
2026-01-20 21:18:33,684 - INFO - {"flight_id": "AI101", "aircraft_id": "VT-FUEL1", "parameter": "fuel_burn", "value": 18, "threshold": 15, "severity": "MEDIUM", "timestamp": "2026-01-20T21:18:33.683756", "message": "Abnormal fuel burn: 18% above expected"}
2026-01-20 21:19:09,522 - INFO - {"flight_id": "AI102", "aircraft_id": "VT-XYZ", "parameter": "engine_vibration", "value": 8.2, "threshold": 7.5, "severity": "MEDIUM", "timestamp": "2026-01-20T21:19:09.522229", "message": "Engine vibration above threshold: 8.2"}
2026-01-20 21:19:09,522 - INFO - {"flight_id": "AI102", "aircraft_id": "VT-XYZ", "parameter": "engine_thrust", "value": 78.5, "threshold": 20, "severity": "HIGH", "timestamp": "2026-01-20T21:19:09.522238", "message": "Engine thrust deviation: 21.5%"}
2026-01-20 21:19:09,522 - INFO - {"flight_id": "AI101", "aircraft_id": "VT-FUEL1", "parameter": "fuel_burn", "value": 18, "threshold": 15, "severity": "MEDIUM", "timestamp": "2026-01-20T21:19:09.522260", "message": "Abnormal fuel burn: 18% above expected"}
2026-01-20 21:22:49,609 - INFO - {"flight_id": "AI102", "aircraft_id": "VT-XYZ", "parameter": "engine_vibration", "value": 8.2, "threshold": 7.5, "severity": "MEDIUM", "timestamp": "2026-01-20T21:22:49.608994", "message": "Engine vibration above threshold: 8.2"}
2026-01-20 21:22:49,609 - INFO - {"flight_id": "AI102", "aircraft_id": "VT-XYZ", "parameter": "engine_thrust", "value": 78.5, "threshold": 20, "severity": "HIGH", "timestamp": "2026-01-20T21:22:49.609006", "message": "Engine thrust deviation: 21.5%"}
2026-01-20 21:22:49,609 - INFO - {"flight_id": "AI101", "aircraft_id": "VT-ABC", "parameter": "altitude_fluctuation", "value": 1060, "threshold": 1000, "severity": "MEDIUM", "timestamp": "2026-01-20T21:22:49.609027", "message": "Rapid altitude fluctuation: 1060 ft/min"}
2026-01-20 21:22:49,610 - INFO - {"flight_id": "AI101", "aircraft_id": "VT-FUEL1", "parameter": "fuel_burn", "value": 18, "threshold": 15, "severity": "MEDIUM", "timestamp": "2026-01-20T21:22:49.609084", "message": "Abnormal fuel burn: 18% above expected"}
